%!Adobe-FontList 1.14
%Locale:0x409

%BeginFont
Handler:DirectoryHandler
FontType:Type1
FontName:BookmanJFPro-Italic
FamilyName:BookmanJFPro
StyleName:Italic
FullName:BookmanJFPro Italic
MenuName:BookmanJFPro
StyleBits:0
WritingScript:Roman
OutlineFileName:X:\Dropbox\Very Flat Website\HOMEPAGE\very-flat-LOGO FONTS\Document fonts\Jukebox Collection - BookmanJFPro Italic.otf
DataFormat:sfntData
UsesStandardEncoding:yes
isCFF:yes
FileLength:97092
FileModTime:1480117596
WeightClass:400
WidthClass:5
AngleClass:1
%EndFont

%BeginFont
Handler:DirectoryHandler
FontType:Type1
FontName:Solanel-Medium
FamilyName:Solanel
StyleName:Medium
FullName:Solanel Medium
MenuName:Solanel Medium
StyleBits:0
WritingScript:Roman
OutlineFileName:X:\Dropbox\Very Flat Website\HOMEPAGE\very-flat-LOGO FONTS\Document fonts\Nootype - Solanel-Medium.otf
DataFormat:sfntData
UsesStandardEncoding:yes
isCFF:yes
FileLength:100280
FileModTime:1480909892
WeightClass:500
WidthClass:5
AngleClass:0
%EndFont

